org.apache.oro.text.regex.MatchResult --> org.apache.oro.text.awk.AwkMatchResult
org.apache.oro.io.RegexFilenameFilter --> org.apache.oro.io.AwkFilenameFilter
java.lang.RuntimeException --> org.apache.oro.text.MalformedCachePatternException
org.apache.oro.text.awk.SyntaxNode --> org.apache.oro.text.awk.OrNode
org.apache.oro.text.MalformedCachePatternException --> org.apache.oro.text.perl.MalformedPerl5PatternException
java.lang.Object --> org.apache.oro.text.awk.DFAState
org.apache.oro.text.awk.CharacterClassNode --> org.apache.oro.text.awk.NegativeCharacterClassNode
org.apache.oro.text.regex.StringSubstitution --> org.apache.oro.text.regex.Perl5Substitution
org.apache.oro.text.GenericPatternCache --> org.apache.oro.text.PatternCacheLRU
org.apache.oro.util.GenericCache --> org.apache.oro.util.CacheFIFO2
java.lang.Object --> org.apache.oro.text.perl.ParsedSubstitutionEntry
org.apache.oro.util.GenericCache --> org.apache.oro.util.CacheLRU
org.apache.oro.text.awk.SyntaxNode --> org.apache.oro.text.awk.EpsilonNode
java.lang.Object --> org.apache.oro.io.RegexFilenameFilter
java.lang.Object --> org.apache.oro.text.awk.AwkStreamInput
org.apache.oro.text.GenericPatternCache --> org.apache.oro.text.PatternCacheFIFO
java.lang.Object --> org.apache.oro.text.regex.Perl5Repetition
java.lang.Exception --> org.apache.oro.text.regex.MalformedPatternException
org.apache.oro.text.regex.PatternCompiler --> org.apache.oro.text.GlobCompiler
java.lang.Object --> org.apache.oro.text.awk.SyntaxTree
org.apache.oro.io.RegexFilenameFilter --> org.apache.oro.io.Perl5FilenameFilter
org.apache.oro.util.GenericCache --> org.apache.oro.util.CacheRandom
org.apache.oro.text.regex.PatternCompiler --> org.apache.oro.text.awk.AwkCompiler
org.apache.oro.text.PatternCache --> org.apache.oro.text.GenericPatternCache
java.lang.Object --> org.apache.oro.text.regex.Perl5Matcher
org.apache.oro.text.awk.SyntaxNode --> org.apache.oro.text.awk.LeafNode
org.apache.oro.text.regex.MatchResult --> org.apache.oro.text.regex.Perl5MatchResult
org.apache.oro.text.MatchAction --> org.apache.oro.text.DefaultMatchAction
java.lang.Cloneable --> org.apache.oro.text.regex.Perl5Pattern
java.lang.Object --> org.apache.oro.text.regex.PatternMatcher
org.apache.oro.text.awk.LeafNode --> org.apache.oro.text.awk.CharacterClassNode
org.apache.oro.util.GenericCache --> org.apache.oro.util.CacheFIFO
org.apache.oro.text.awk.OrNode --> org.apache.oro.text.awk.QuestionNode
java.lang.Object --> org.apache.oro.text.PatternCache
java.lang.Object --> org.apache.oro.text.MatchActionInfo
org.apache.oro.text.awk.SyntaxNode --> org.apache.oro.text.awk.StarNode
java.lang.Object --> org.apache.oro.text.MatchAction
org.apache.oro.text.GenericPatternCache --> org.apache.oro.text.PatternCacheFIFO2
java.lang.Object --> org.apache.oro.text.regex.PatternMatcherInput
org.apache.oro.io.RegexFilenameFilter --> org.apache.oro.io.GlobFilenameFilter
java.lang.Object --> org.apache.oro.text.regex.CharStringPointer
java.io.Serializable --> org.apache.oro.util.GenericCache
org.apache.oro.text.regex.PatternCompiler --> org.apache.oro.text.regex.Perl5Compiler
java.lang.Object --> org.apache.oro.text.regex.Pattern
java.lang.Object --> org.apache.oro.text.MatchActionProcessor
java.lang.Object --> org.apache.oro.text.awk.SyntaxNode
java.lang.Object --> org.apache.oro.text.regex.MatchResult
java.lang.Object --> org.apache.oro.text.regex.Util
java.lang.Object --> org.apache.oro.text.regex.PatternCompiler
java.lang.Object --> org.apache.oro.text.regex.Substitution
org.apache.oro.text.GenericPatternCache --> org.apache.oro.text.PatternCacheRandom
java.io.Serializable --> org.apache.oro.util.GenericCacheEntry
org.apache.oro.text.awk.SyntaxNode --> org.apache.oro.text.awk.CatNode
org.apache.oro.text.awk.StarNode --> org.apache.oro.text.awk.PlusNode
org.apache.oro.text.regex.MatchResult --> org.apache.oro.text.perl.Perl5Util
java.lang.Object --> org.apache.oro.text.regex.Perl5Debug
java.lang.Object --> org.apache.oro.text.awk.AwkMatcher
java.lang.Object --> org.apache.oro.util.Cache
org.apache.oro.text.regex.Substitution --> org.apache.oro.text.regex.StringSubstitution
org.apache.oro.text.awk.LeafNode --> org.apache.oro.text.awk.TokenNode
java.lang.Object --> org.apache.oro.text.regex.OpCode
java.io.Serializable --> org.apache.oro.text.awk.AwkPattern
