saal
josroijakkers
markgiesen
spost
mvos1
michielvanturnhout
gerritgerritsma
srispens
ReinaMoerman
huseyingulmez
arjan
rutger
martijn
Ivotentije
MartinMeester
Pieternel
richardscholten
WimHarms
PieterValentijn
Remco_Lammerse
user14
peterhavenaar
wblanken
jacob
rbruinsma
user53
BasVanBeek
ReneWeusthuis
SanderBaaij
marcoblom
aandringa
ErikPigge
MartindeBijl
matthijs
hvzoomeren
maarten
PeterKroezen
jkremer
jasperronda
anton
NiekStrik
DianaCastrop
raymondslot
albertnotebomer
chantal
jeroenz
sander
SipVanDerGeest
HendrikJanAalders
EricTiehuis
dicklaan
vincent
mrijke
GerardAlberts
sushrutderks
beheerder
NielsKleizen
jwaard
JanBlokhuis
ichristov
krodenburg
user154
martijnpronk
jdvries
user30
RenzoGraziano
user33
LammieM
SusanBalster
user70
JohanHuizing
JKoopsvantjagt
fundament
ErikBaaij
MarianWolthuis
jasja
hworm
vivienne
bpi
walter
eduard
jlauwerier
Servicedesk_XL21
herman
niekbruins
HPietersen
